<?xml version="1.0" encoding="UTF-8"?>
<testsuite xmlns:xsi="http://www.w3.org/2001/XMLSchema-instance" xsi:noNamespaceSchemaLocation="https://maven.apache.org/surefire/maven-surefire-plugin/xsd/surefire-test-report.xsd" name="com.football.service.impl.TeamServiceImplTest" time="0.607" tests="5" errors="0" skipped="0" failures="0">
  <properties>
[...]
</properties>
  <testcase name="queryPage" classname="com.football.service.impl.TeamServiceImplTest" time="0.593"/>
  <testcase name="selectById" classname="com.football.service.impl.TeamServiceImplTest" time="0"/>
  <testcase name="save_Failure" classname="com.football.service.impl.TeamServiceImplTest" time="0.002"/>
  <testcase name="save" classname="com.football.service.impl.TeamServiceImplTest" time="0.001"/>
  <testcase name="selectById_NotFound" classname="com.football.service.impl.TeamServiceImplTest" time="0.002"/>
</testsuite>